2023/06/03 15:44:10 - mmengine - INFO - 
------------------------------------------------------------
System environment:
    sys.platform: linux
    Python: 3.8.15 (default, Nov 24 2022, 15:19:38) [GCC 11.2.0]
    CUDA available: True
    numpy_random_seed: 21
    GPU 0: NVIDIA A16
    CUDA_HOME: /usr/local/cuda
    NVCC: Cuda compilation tools, release 11.6, V11.6.124
    GCC: gcc (Ubuntu 9.4.0-1ubuntu1~20.04.1) 9.4.0
    PyTorch: 1.12.1+cu116
    PyTorch compiling details: PyTorch built with:
  - GCC 9.3
  - C++ Version: 201402
  - Intel(R) Math Kernel Library Version 2020.0.0 Product Build 20191122 for Intel(R) 64 architecture applications
  - Intel(R) MKL-DNN v2.6.0 (Git Hash 52b5f107dd9cf10910aaa19cb47f3abf9b349815)
  - OpenMP 201511 (a.k.a. OpenMP 4.5)
  - LAPACK is enabled (usually provided by MKL)
  - NNPACK is enabled
  - CPU capability usage: AVX2
  - CUDA Runtime 11.6
  - NVCC architecture flags: -gencode;arch=compute_37,code=sm_37;-gencode;arch=compute_50,code=sm_50;-gencode;arch=compute_60,code=sm_60;-gencode;arch=compute_70,code=sm_70;-gencode;arch=compute_75,code=sm_75;-gencode;arch=compute_80,code=sm_80;-gencode;arch=compute_86,code=sm_86
  - CuDNN 8.3.2  (built against CUDA 11.5)
  - Magma 2.6.1
  - Build settings: BLAS_INFO=mkl, BUILD_TYPE=Release, CUDA_VERSION=11.6, CUDNN_VERSION=8.3.2, CXX_COMPILER=/opt/rh/devtoolset-9/root/usr/bin/c++, CXX_FLAGS= -fabi-version=11 -Wno-deprecated -fvisibility-inlines-hidden -DUSE_PTHREADPOOL -fopenmp -DNDEBUG -DUSE_KINETO -DUSE_FBGEMM -DUSE_QNNPACK -DUSE_PYTORCH_QNNPACK -DUSE_XNNPACK -DSYMBOLICATE_MOBILE_DEBUG_HANDLE -DEDGE_PROFILER_USE_KINETO -O2 -fPIC -Wno-narrowing -Wall -Wextra -Werror=return-type -Wno-missing-field-initializers -Wno-type-limits -Wno-array-bounds -Wno-unknown-pragmas -Wno-unused-parameter -Wno-unused-function -Wno-unused-result -Wno-unused-local-typedefs -Wno-strict-overflow -Wno-strict-aliasing -Wno-error=deprecated-declarations -Wno-stringop-overflow -Wno-psabi -Wno-error=pedantic -Wno-error=redundant-decls -Wno-error=old-style-cast -fdiagnostics-color=always -faligned-new -Wno-unused-but-set-variable -Wno-maybe-uninitialized -fno-math-errno -fno-trapping-math -Werror=format -Werror=cast-function-type -Wno-stringop-overflow, LAPACK_INFO=mkl, PERF_WITH_AVX=1, PERF_WITH_AVX2=1, PERF_WITH_AVX512=1, TORCH_VERSION=1.12.1, USE_CUDA=ON, USE_CUDNN=ON, USE_EXCEPTION_PTR=1, USE_GFLAGS=OFF, USE_GLOG=OFF, USE_MKL=ON, USE_MKLDNN=OFF, USE_MPI=OFF, USE_NCCL=ON, USE_NNPACK=ON, USE_OPENMP=ON, USE_ROCM=OFF, 

    TorchVision: 0.13.1+cu116
    OpenCV: 4.7.0
    MMEngine: 0.7.3

Runtime environment:
    cudnn_benchmark: False
    mp_cfg: {'mp_start_method': 'fork', 'opencv_num_threads': 0}
    dist_cfg: {'backend': 'nccl'}
    seed: 21
    Distributed launcher: none
    Distributed training: False
    GPU number: 1
------------------------------------------------------------

2023/06/03 15:44:16 - mmengine - INFO - Config:
default_scope = 'mmpose'
default_hooks = dict(
    timer=dict(type='IterTimerHook', _scope_='mmpose'),
    logger=dict(type='LoggerHook', interval=1, _scope_='mmpose'),
    param_scheduler=dict(type='ParamSchedulerHook', _scope_='mmpose'),
    checkpoint=dict(
        type='CheckpointHook',
        interval=10,
        _scope_='mmpose',
        save_best='PCK',
        rule='greater',
        max_keep_ckpts=2),
    sampler_seed=dict(type='DistSamplerSeedHook', _scope_='mmpose'),
    visualization=dict(
        type='PoseVisualizationHook', enable=False, _scope_='mmpose'))
custom_hooks = [
    dict(
        type='EMAHook',
        ema_type='ExpMomentumEMA',
        momentum=0.0002,
        update_buffers=True,
        priority=49),
    dict(
        type='mmdet.PipelineSwitchHook',
        switch_epoch=300,
        switch_pipeline=[
            dict(type='LoadImage', backend_args=dict(backend='local')),
            dict(type='GetBBoxCenterScale'),
            dict(type='RandomFlip', direction='horizontal'),
            dict(type='RandomHalfBody'),
            dict(
                type='RandomBBoxTransform',
                shift_factor=0.0,
                scale_factor=[0.75, 1.25],
                rotate_factor=60),
            dict(type='TopdownAffine', input_size=(256, 256)),
            dict(type='mmdet.YOLOXHSVRandomAug'),
            dict(
                type='Albumentation',
                transforms=[
                    dict(type='Blur', p=0.1),
                    dict(type='MedianBlur', p=0.1),
                    dict(
                        type='CoarseDropout',
                        max_holes=1,
                        max_height=0.4,
                        max_width=0.4,
                        min_holes=1,
                        min_height=0.2,
                        min_width=0.2,
                        p=0.5)
                ]),
            dict(
                type='GenerateTarget',
                encoder=dict(
                    type='SimCCLabel',
                    input_size=(256, 256),
                    sigma=(12, 12),
                    simcc_split_ratio=2.0,
                    normalize=False,
                    use_dark=False)),
            dict(type='PackPoseInputs')
        ])
]
env_cfg = dict(
    cudnn_benchmark=False,
    mp_cfg=dict(mp_start_method='fork', opencv_num_threads=0),
    dist_cfg=dict(backend='nccl'))
vis_backends = [dict(type='LocalVisBackend', _scope_='mmpose')]
visualizer = dict(
    type='PoseLocalVisualizer',
    vis_backends=[dict(type='LocalVisBackend')],
    name='visualizer',
    _scope_='mmpose')
log_processor = dict(
    type='LogProcessor',
    window_size=50,
    by_epoch=True,
    num_digits=6,
    _scope_='mmpose')
log_level = 'INFO'
load_from = None
resume = False
backend_args = dict(backend='local')
train_cfg = dict(by_epoch=True, max_epochs=300, val_interval=10)
val_cfg = dict()
test_cfg = dict()
dataset_type = 'CocoDataset'
data_mode = 'topdown'
data_root = 'MMPoseHomework/Ear210_Keypoint_Dataset_coco/'
dataset_info = dict(
    dataset_name='Ear210_Keypoint_Dataset_coco',
    classes='ear',
    paper_info=dict(
        author='Tongji Zihao',
        title='Triangle Keypoints Detection',
        container='OpenMMLab',
        year='2023',
        homepage='https://space.bilibili.com/1900783'),
    keypoint_info=dict({
        0:
        dict(name='肾上腺', id=0, color=[101, 205, 228], type='', swap=''),
        1:
        dict(name='耳尖', id=1, color=[240, 128, 128], type='', swap=''),
        2:
        dict(name='胃', id=2, color=[154, 205, 50], type='', swap=''),
        3:
        dict(name='眼', id=3, color=[34, 139, 34], type='', swap=''),
        4:
        dict(name='口', id=4, color=[139, 0, 0], type='', swap=''),
        5:
        dict(name='肝', id=5, color=[255, 165, 0], type='', swap=''),
        6:
        dict(name='对屏尖', id=6, color=[255, 0, 255], type='', swap=''),
        7:
        dict(name='心', id=7, color=[255, 255, 0], type='', swap=''),
        8:
        dict(name='肺', id=8, color=[29, 123, 243], type='', swap=''),
        9:
        dict(name='肺2', id=9, color=[0, 255, 255], type='', swap=''),
        10:
        dict(name='膀胱', id=10, color=[128, 0, 128], type='', swap=''),
        11:
        dict(name='脾', id=11, color=[74, 181, 57], type='', swap=''),
        12:
        dict(name='角窝中', id=12, color=[165, 42, 42], type='', swap=''),
        13:
        dict(name='神门', id=13, color=[128, 128, 0], type='', swap=''),
        14:
        dict(name='肾', id=14, color=[255, 0, 0], type='', swap=''),
        15:
        dict(name='耳门', id=15, color=[34, 139, 34], type='', swap=''),
        16:
        dict(name='听宫', id=16, color=[255, 129, 0], type='', swap=''),
        17:
        dict(name='听会', id=17, color=[70, 130, 180], type='', swap=''),
        18:
        dict(name='肩', id=18, color=[63, 103, 165], type='', swap=''),
        19:
        dict(name='扁桃体', id=19, color=[66, 77, 229], type='', swap=''),
        20:
        dict(name='腰骶椎', id=20, color=[255, 105, 180], type='', swap='')
    }),
    skeleton_info=dict({
        0: dict(link=('眼', '扁桃体'), id=0, color=[100, 150, 200]),
        1: dict(link=('耳门', '听宫'), id=1, color=[200, 100, 150]),
        2: dict(link=('听宫', '听会'), id=2, color=[150, 120, 100]),
        3: dict(link=('耳门', '听会'), id=3, color=[66, 77, 229])
    }),
    joint_weights=[
        1.0, 1.0, 1.0, 1.0, 1.0, 1.0, 1.0, 1.0, 1.0, 1.0, 1.0, 1.0, 1.0, 1.0,
        1.0, 1.0, 1.0, 1.0, 1.0, 1.0, 1.0
    ],
    sigmas=[
        0.025, 0.025, 0.025, 0.025, 0.025, 0.025, 0.025, 0.025, 0.025, 0.025,
        0.025, 0.025, 0.025, 0.025, 0.025, 0.025, 0.025, 0.025, 0.025, 0.025,
        0.025
    ])
NUM_KEYPOINTS = 21
max_epochs = 300
val_interval = 10
train_batch_size = 32
val_batch_size = 8
stage2_num_epochs = 0
base_lr = 0.004
randomness = dict(seed=21)
optim_wrapper = dict(
    type='OptimWrapper',
    optimizer=dict(type='AdamW', lr=0.004, weight_decay=0.05),
    paramwise_cfg=dict(
        norm_decay_mult=0, bias_decay_mult=0, bypass_duplicate=True))
param_scheduler = [
    dict(type='LinearLR', start_factor=1e-05, by_epoch=False, begin=0, end=20),
    dict(
        type='CosineAnnealingLR',
        eta_min=0.0002,
        begin=150,
        end=300,
        T_max=150,
        by_epoch=True,
        convert_to_iter_based=True)
]
auto_scale_lr = dict(base_batch_size=1024)
codec = dict(
    type='SimCCLabel',
    input_size=(256, 256),
    sigma=(12, 12),
    simcc_split_ratio=2.0,
    normalize=False,
    use_dark=False)
model = dict(
    type='TopdownPoseEstimator',
    data_preprocessor=dict(
        type='PoseDataPreprocessor',
        mean=[123.675, 116.28, 103.53],
        std=[58.395, 57.12, 57.375],
        bgr_to_rgb=True),
    backbone=dict(
        _scope_='mmdet',
        type='CSPNeXt',
        arch='P5',
        expand_ratio=0.5,
        deepen_factor=0.33,
        widen_factor=0.5,
        out_indices=(4, ),
        channel_attention=True,
        norm_cfg=dict(type='SyncBN'),
        act_cfg=dict(type='SiLU'),
        init_cfg=dict(
            type='Pretrained',
            prefix='backbone.',
            checkpoint=
            'https://download.openmmlab.com/mmdetection/v3.0/rtmdet/cspnext_rsb_pretrain/cspnext-s_imagenet_600e-ea671761.pth'
        )),
    head=dict(
        type='RTMCCHead',
        in_channels=512,
        out_channels=21,
        input_size=(256, 256),
        in_featuremap_size=(8, 8),
        simcc_split_ratio=2.0,
        final_layer_kernel_size=7,
        gau_cfg=dict(
            hidden_dims=256,
            s=128,
            expansion_factor=2,
            dropout_rate=0.0,
            drop_path=0.0,
            act_fn='SiLU',
            use_rel_bias=False,
            pos_enc=False),
        loss=dict(
            type='KLDiscretLoss',
            use_target_weight=True,
            beta=10.0,
            label_softmax=True),
        decoder=dict(
            type='SimCCLabel',
            input_size=(256, 256),
            sigma=(12, 12),
            simcc_split_ratio=2.0,
            normalize=False,
            use_dark=False)),
    test_cfg=dict(flip_test=True))
train_pipeline = [
    dict(type='LoadImage', backend_args=dict(backend='local')),
    dict(type='GetBBoxCenterScale'),
    dict(type='RandomFlip', direction='horizontal'),
    dict(
        type='RandomBBoxTransform', scale_factor=[0.8, 1.2], rotate_factor=30),
    dict(type='TopdownAffine', input_size=(256, 256)),
    dict(type='mmdet.YOLOXHSVRandomAug'),
    dict(
        type='Albumentation',
        transforms=[
            dict(type='ChannelShuffle', p=0.5),
            dict(type='CLAHE', p=0.5),
            dict(type='ColorJitter', p=0.5),
            dict(
                type='CoarseDropout',
                max_holes=4,
                max_height=0.3,
                max_width=0.3,
                min_holes=1,
                min_height=0.2,
                min_width=0.2,
                p=0.5)
        ]),
    dict(
        type='GenerateTarget',
        encoder=dict(
            type='SimCCLabel',
            input_size=(256, 256),
            sigma=(12, 12),
            simcc_split_ratio=2.0,
            normalize=False,
            use_dark=False)),
    dict(type='PackPoseInputs')
]
val_pipeline = [
    dict(type='LoadImage', backend_args=dict(backend='local')),
    dict(type='GetBBoxCenterScale'),
    dict(type='TopdownAffine', input_size=(256, 256)),
    dict(type='PackPoseInputs')
]
train_pipeline_stage2 = [
    dict(type='LoadImage', backend_args=dict(backend='local')),
    dict(type='GetBBoxCenterScale'),
    dict(type='RandomFlip', direction='horizontal'),
    dict(type='RandomHalfBody'),
    dict(
        type='RandomBBoxTransform',
        shift_factor=0.0,
        scale_factor=[0.75, 1.25],
        rotate_factor=60),
    dict(type='TopdownAffine', input_size=(256, 256)),
    dict(type='mmdet.YOLOXHSVRandomAug'),
    dict(
        type='Albumentation',
        transforms=[
            dict(type='Blur', p=0.1),
            dict(type='MedianBlur', p=0.1),
            dict(
                type='CoarseDropout',
                max_holes=1,
                max_height=0.4,
                max_width=0.4,
                min_holes=1,
                min_height=0.2,
                min_width=0.2,
                p=0.5)
        ]),
    dict(
        type='GenerateTarget',
        encoder=dict(
            type='SimCCLabel',
            input_size=(256, 256),
            sigma=(12, 12),
            simcc_split_ratio=2.0,
            normalize=False,
            use_dark=False)),
    dict(type='PackPoseInputs')
]
train_dataloader = dict(
    batch_size=32,
    num_workers=1,
    persistent_workers=True,
    sampler=dict(type='DefaultSampler', shuffle=True),
    dataset=dict(
        type='CocoDataset',
        data_root='MMPoseHomework/Ear210_Keypoint_Dataset_coco/',
        metainfo=dict(
            dataset_name='Ear210_Keypoint_Dataset_coco',
            classes='ear',
            paper_info=dict(
                author='Tongji Zihao',
                title='Triangle Keypoints Detection',
                container='OpenMMLab',
                year='2023',
                homepage='https://space.bilibili.com/1900783'),
            keypoint_info=dict({
                0:
                dict(
                    name='肾上腺', id=0, color=[101, 205, 228], type='', swap=''),
                1:
                dict(name='耳尖', id=1, color=[240, 128, 128], type='', swap=''),
                2:
                dict(name='胃', id=2, color=[154, 205, 50], type='', swap=''),
                3:
                dict(name='眼', id=3, color=[34, 139, 34], type='', swap=''),
                4:
                dict(name='口', id=4, color=[139, 0, 0], type='', swap=''),
                5:
                dict(name='肝', id=5, color=[255, 165, 0], type='', swap=''),
                6:
                dict(name='对屏尖', id=6, color=[255, 0, 255], type='', swap=''),
                7:
                dict(name='心', id=7, color=[255, 255, 0], type='', swap=''),
                8:
                dict(name='肺', id=8, color=[29, 123, 243], type='', swap=''),
                9:
                dict(name='肺2', id=9, color=[0, 255, 255], type='', swap=''),
                10:
                dict(name='膀胱', id=10, color=[128, 0, 128], type='', swap=''),
                11:
                dict(name='脾', id=11, color=[74, 181, 57], type='', swap=''),
                12:
                dict(name='角窝中', id=12, color=[165, 42, 42], type='', swap=''),
                13:
                dict(name='神门', id=13, color=[128, 128, 0], type='', swap=''),
                14:
                dict(name='肾', id=14, color=[255, 0, 0], type='', swap=''),
                15:
                dict(name='耳门', id=15, color=[34, 139, 34], type='', swap=''),
                16:
                dict(name='听宫', id=16, color=[255, 129, 0], type='', swap=''),
                17:
                dict(name='听会', id=17, color=[70, 130, 180], type='', swap=''),
                18:
                dict(name='肩', id=18, color=[63, 103, 165], type='', swap=''),
                19:
                dict(name='扁桃体', id=19, color=[66, 77, 229], type='', swap=''),
                20:
                dict(
                    name='腰骶椎', id=20, color=[255, 105, 180], type='', swap='')
            }),
            skeleton_info=dict({
                0:
                dict(link=('眼', '扁桃体'), id=0, color=[100, 150, 200]),
                1:
                dict(link=('耳门', '听宫'), id=1, color=[200, 100, 150]),
                2:
                dict(link=('听宫', '听会'), id=2, color=[150, 120, 100]),
                3:
                dict(link=('耳门', '听会'), id=3, color=[66, 77, 229])
            }),
            joint_weights=[
                1.0, 1.0, 1.0, 1.0, 1.0, 1.0, 1.0, 1.0, 1.0, 1.0, 1.0, 1.0,
                1.0, 1.0, 1.0, 1.0, 1.0, 1.0, 1.0, 1.0, 1.0
            ],
            sigmas=[
                0.025, 0.025, 0.025, 0.025, 0.025, 0.025, 0.025, 0.025, 0.025,
                0.025, 0.025, 0.025, 0.025, 0.025, 0.025, 0.025, 0.025, 0.025,
                0.025, 0.025, 0.025
            ]),
        data_mode='topdown',
        ann_file='train_coco.json',
        data_prefix=dict(img='images/'),
        pipeline=[
            dict(type='LoadImage', backend_args=dict(backend='local')),
            dict(type='GetBBoxCenterScale'),
            dict(type='RandomFlip', direction='horizontal'),
            dict(
                type='RandomBBoxTransform',
                scale_factor=[0.8, 1.2],
                rotate_factor=30),
            dict(type='TopdownAffine', input_size=(256, 256)),
            dict(type='mmdet.YOLOXHSVRandomAug'),
            dict(
                type='Albumentation',
                transforms=[
                    dict(type='ChannelShuffle', p=0.5),
                    dict(type='CLAHE', p=0.5),
                    dict(type='ColorJitter', p=0.5),
                    dict(
                        type='CoarseDropout',
                        max_holes=4,
                        max_height=0.3,
                        max_width=0.3,
                        min_holes=1,
                        min_height=0.2,
                        min_width=0.2,
                        p=0.5)
                ]),
            dict(
                type='GenerateTarget',
                encoder=dict(
                    type='SimCCLabel',
                    input_size=(256, 256),
                    sigma=(12, 12),
                    simcc_split_ratio=2.0,
                    normalize=False,
                    use_dark=False)),
            dict(type='PackPoseInputs')
        ]))
val_dataloader = dict(
    batch_size=8,
    num_workers=1,
    persistent_workers=True,
    drop_last=False,
    sampler=dict(type='DefaultSampler', shuffle=False, round_up=False),
    dataset=dict(
        type='CocoDataset',
        data_root='MMPoseHomework/Ear210_Keypoint_Dataset_coco/',
        metainfo=dict(
            dataset_name='Ear210_Keypoint_Dataset_coco',
            classes='ear',
            paper_info=dict(
                author='Tongji Zihao',
                title='Triangle Keypoints Detection',
                container='OpenMMLab',
                year='2023',
                homepage='https://space.bilibili.com/1900783'),
            keypoint_info=dict({
                0:
                dict(
                    name='肾上腺', id=0, color=[101, 205, 228], type='', swap=''),
                1:
                dict(name='耳尖', id=1, color=[240, 128, 128], type='', swap=''),
                2:
                dict(name='胃', id=2, color=[154, 205, 50], type='', swap=''),
                3:
                dict(name='眼', id=3, color=[34, 139, 34], type='', swap=''),
                4:
                dict(name='口', id=4, color=[139, 0, 0], type='', swap=''),
                5:
                dict(name='肝', id=5, color=[255, 165, 0], type='', swap=''),
                6:
                dict(name='对屏尖', id=6, color=[255, 0, 255], type='', swap=''),
                7:
                dict(name='心', id=7, color=[255, 255, 0], type='', swap=''),
                8:
                dict(name='肺', id=8, color=[29, 123, 243], type='', swap=''),
                9:
                dict(name='肺2', id=9, color=[0, 255, 255], type='', swap=''),
                10:
                dict(name='膀胱', id=10, color=[128, 0, 128], type='', swap=''),
                11:
                dict(name='脾', id=11, color=[74, 181, 57], type='', swap=''),
                12:
                dict(name='角窝中', id=12, color=[165, 42, 42], type='', swap=''),
                13:
                dict(name='神门', id=13, color=[128, 128, 0], type='', swap=''),
                14:
                dict(name='肾', id=14, color=[255, 0, 0], type='', swap=''),
                15:
                dict(name='耳门', id=15, color=[34, 139, 34], type='', swap=''),
                16:
                dict(name='听宫', id=16, color=[255, 129, 0], type='', swap=''),
                17:
                dict(name='听会', id=17, color=[70, 130, 180], type='', swap=''),
                18:
                dict(name='肩', id=18, color=[63, 103, 165], type='', swap=''),
                19:
                dict(name='扁桃体', id=19, color=[66, 77, 229], type='', swap=''),
                20:
                dict(
                    name='腰骶椎', id=20, color=[255, 105, 180], type='', swap='')
            }),
            skeleton_info=dict({
                0:
                dict(link=('眼', '扁桃体'), id=0, color=[100, 150, 200]),
                1:
                dict(link=('耳门', '听宫'), id=1, color=[200, 100, 150]),
                2:
                dict(link=('听宫', '听会'), id=2, color=[150, 120, 100]),
                3:
                dict(link=('耳门', '听会'), id=3, color=[66, 77, 229])
            }),
            joint_weights=[
                1.0, 1.0, 1.0, 1.0, 1.0, 1.0, 1.0, 1.0, 1.0, 1.0, 1.0, 1.0,
                1.0, 1.0, 1.0, 1.0, 1.0, 1.0, 1.0, 1.0, 1.0
            ],
            sigmas=[
                0.025, 0.025, 0.025, 0.025, 0.025, 0.025, 0.025, 0.025, 0.025,
                0.025, 0.025, 0.025, 0.025, 0.025, 0.025, 0.025, 0.025, 0.025,
                0.025, 0.025, 0.025
            ]),
        data_mode='topdown',
        ann_file='val_coco.json',
        data_prefix=dict(img='images/'),
        pipeline=[
            dict(type='LoadImage', backend_args=dict(backend='local')),
            dict(type='GetBBoxCenterScale'),
            dict(type='TopdownAffine', input_size=(256, 256)),
            dict(type='PackPoseInputs')
        ]))
test_dataloader = dict(
    batch_size=8,
    num_workers=1,
    persistent_workers=True,
    drop_last=False,
    sampler=dict(type='DefaultSampler', shuffle=False, round_up=False),
    dataset=dict(
        type='CocoDataset',
        data_root='MMPoseHomework/Ear210_Keypoint_Dataset_coco/',
        metainfo=dict(
            dataset_name='Ear210_Keypoint_Dataset_coco',
            classes='ear',
            paper_info=dict(
                author='Tongji Zihao',
                title='Triangle Keypoints Detection',
                container='OpenMMLab',
                year='2023',
                homepage='https://space.bilibili.com/1900783'),
            keypoint_info=dict({
                0:
                dict(
                    name='肾上腺', id=0, color=[101, 205, 228], type='', swap=''),
                1:
                dict(name='耳尖', id=1, color=[240, 128, 128], type='', swap=''),
                2:
                dict(name='胃', id=2, color=[154, 205, 50], type='', swap=''),
                3:
                dict(name='眼', id=3, color=[34, 139, 34], type='', swap=''),
                4:
                dict(name='口', id=4, color=[139, 0, 0], type='', swap=''),
                5:
                dict(name='肝', id=5, color=[255, 165, 0], type='', swap=''),
                6:
                dict(name='对屏尖', id=6, color=[255, 0, 255], type='', swap=''),
                7:
                dict(name='心', id=7, color=[255, 255, 0], type='', swap=''),
                8:
                dict(name='肺', id=8, color=[29, 123, 243], type='', swap=''),
                9:
                dict(name='肺2', id=9, color=[0, 255, 255], type='', swap=''),
                10:
                dict(name='膀胱', id=10, color=[128, 0, 128], type='', swap=''),
                11:
                dict(name='脾', id=11, color=[74, 181, 57], type='', swap=''),
                12:
                dict(name='角窝中', id=12, color=[165, 42, 42], type='', swap=''),
                13:
                dict(name='神门', id=13, color=[128, 128, 0], type='', swap=''),
                14:
                dict(name='肾', id=14, color=[255, 0, 0], type='', swap=''),
                15:
                dict(name='耳门', id=15, color=[34, 139, 34], type='', swap=''),
                16:
                dict(name='听宫', id=16, color=[255, 129, 0], type='', swap=''),
                17:
                dict(name='听会', id=17, color=[70, 130, 180], type='', swap=''),
                18:
                dict(name='肩', id=18, color=[63, 103, 165], type='', swap=''),
                19:
                dict(name='扁桃体', id=19, color=[66, 77, 229], type='', swap=''),
                20:
                dict(
                    name='腰骶椎', id=20, color=[255, 105, 180], type='', swap='')
            }),
            skeleton_info=dict({
                0:
                dict(link=('眼', '扁桃体'), id=0, color=[100, 150, 200]),
                1:
                dict(link=('耳门', '听宫'), id=1, color=[200, 100, 150]),
                2:
                dict(link=('听宫', '听会'), id=2, color=[150, 120, 100]),
                3:
                dict(link=('耳门', '听会'), id=3, color=[66, 77, 229])
            }),
            joint_weights=[
                1.0, 1.0, 1.0, 1.0, 1.0, 1.0, 1.0, 1.0, 1.0, 1.0, 1.0, 1.0,
                1.0, 1.0, 1.0, 1.0, 1.0, 1.0, 1.0, 1.0, 1.0
            ],
            sigmas=[
                0.025, 0.025, 0.025, 0.025, 0.025, 0.025, 0.025, 0.025, 0.025,
                0.025, 0.025, 0.025, 0.025, 0.025, 0.025, 0.025, 0.025, 0.025,
                0.025, 0.025, 0.025
            ]),
        data_mode='topdown',
        ann_file='val_coco.json',
        data_prefix=dict(img='images/'),
        pipeline=[
            dict(type='LoadImage', backend_args=dict(backend='local')),
            dict(type='GetBBoxCenterScale'),
            dict(type='TopdownAffine', input_size=(256, 256)),
            dict(type='PackPoseInputs')
        ]))
val_evaluator = [
    dict(
        type='CocoMetric',
        ann_file='MMPoseHomework/Ear210_Keypoint_Dataset_coco/val_coco.json'),
    dict(type='PCKAccuracy'),
    dict(type='AUC'),
    dict(type='NME', norm_mode='keypoint_distance', keypoint_indices=[1, 2])
]
test_evaluator = [
    dict(
        type='CocoMetric',
        ann_file='MMPoseHomework/Ear210_Keypoint_Dataset_coco/val_coco.json'),
    dict(type='PCKAccuracy'),
    dict(type='AUC'),
    dict(type='NME', norm_mode='keypoint_distance', keypoint_indices=[1, 2])
]
launcher = 'none'
work_dir = './work_dirs/rtmpose-s-ear'

2023/06/03 15:44:24 - mmengine - INFO - Distributed training is not used, all SyncBatchNorm (SyncBN) layers in the model will be automatically reverted to BatchNormXd layers if they are used.
2023/06/03 15:44:24 - mmengine - INFO - Hooks will be executed in the following order:
before_run:
(VERY_HIGH   ) RuntimeInfoHook                    
(49          ) EMAHook                            
(BELOW_NORMAL) LoggerHook                         
 -------------------- 
after_load_checkpoint:
(49          ) EMAHook                            
 -------------------- 
before_train:
(VERY_HIGH   ) RuntimeInfoHook                    
(49          ) EMAHook                            
(NORMAL      ) IterTimerHook                      
(VERY_LOW    ) CheckpointHook                     
 -------------------- 
before_train_epoch:
(VERY_HIGH   ) RuntimeInfoHook                    
(NORMAL      ) IterTimerHook                      
(NORMAL      ) DistSamplerSeedHook                
(NORMAL      ) PipelineSwitchHook                 
 -------------------- 
before_train_iter:
(VERY_HIGH   ) RuntimeInfoHook                    
(NORMAL      ) IterTimerHook                      
 -------------------- 
after_train_iter:
(VERY_HIGH   ) RuntimeInfoHook                    
(49          ) EMAHook                            
(NORMAL      ) IterTimerHook                      
(BELOW_NORMAL) LoggerHook                         
(LOW         ) ParamSchedulerHook                 
(VERY_LOW    ) CheckpointHook                     
 -------------------- 
after_train_epoch:
(NORMAL      ) IterTimerHook                      
(LOW         ) ParamSchedulerHook                 
(VERY_LOW    ) CheckpointHook                     
 -------------------- 
before_val_epoch:
(49          ) EMAHook                            
(NORMAL      ) IterTimerHook                      
 -------------------- 
before_val_iter:
(NORMAL      ) IterTimerHook                      
 -------------------- 
after_val_iter:
(NORMAL      ) IterTimerHook                      
(NORMAL      ) PoseVisualizationHook              
(BELOW_NORMAL) LoggerHook                         
 -------------------- 
after_val_epoch:
(VERY_HIGH   ) RuntimeInfoHook                    
(49          ) EMAHook                            
(NORMAL      ) IterTimerHook                      
(BELOW_NORMAL) LoggerHook                         
(LOW         ) ParamSchedulerHook                 
(VERY_LOW    ) CheckpointHook                     
 -------------------- 
before_save_checkpoint:
(49          ) EMAHook                            
 -------------------- 
after_train:
(VERY_LOW    ) CheckpointHook                     
 -------------------- 
before_test_epoch:
(49          ) EMAHook                            
(NORMAL      ) IterTimerHook                      
 -------------------- 
before_test_iter:
(NORMAL      ) IterTimerHook                      
 -------------------- 
after_test_iter:
(NORMAL      ) IterTimerHook                      
(NORMAL      ) PoseVisualizationHook              
(BELOW_NORMAL) LoggerHook                         
 -------------------- 
after_test_epoch:
(VERY_HIGH   ) RuntimeInfoHook                    
(49          ) EMAHook                            
(NORMAL      ) IterTimerHook                      
(BELOW_NORMAL) LoggerHook                         
 -------------------- 
after_run:
(BELOW_NORMAL) LoggerHook                         
 -------------------- 
2023/06/03 15:44:31 - mmengine - INFO - paramwise_options -- backbone.stem.0.bn.weight:weight_decay=0.0
2023/06/03 15:44:31 - mmengine - INFO - paramwise_options -- backbone.stem.0.bn.bias:weight_decay=0.0
2023/06/03 15:44:31 - mmengine - INFO - paramwise_options -- backbone.stem.1.bn.weight:weight_decay=0.0
2023/06/03 15:44:31 - mmengine - INFO - paramwise_options -- backbone.stem.1.bn.bias:weight_decay=0.0
2023/06/03 15:44:31 - mmengine - INFO - paramwise_options -- backbone.stem.2.bn.weight:weight_decay=0.0
2023/06/03 15:44:31 - mmengine - INFO - paramwise_options -- backbone.stem.2.bn.bias:weight_decay=0.0
2023/06/03 15:44:31 - mmengine - INFO - paramwise_options -- backbone.stage1.0.bn.weight:weight_decay=0.0
2023/06/03 15:44:31 - mmengine - INFO - paramwise_options -- backbone.stage1.0.bn.bias:weight_decay=0.0
2023/06/03 15:44:31 - mmengine - INFO - paramwise_options -- backbone.stage1.1.main_conv.bn.weight:weight_decay=0.0
2023/06/03 15:44:31 - mmengine - INFO - paramwise_options -- backbone.stage1.1.main_conv.bn.bias:weight_decay=0.0
2023/06/03 15:44:31 - mmengine - INFO - paramwise_options -- backbone.stage1.1.short_conv.bn.weight:weight_decay=0.0
2023/06/03 15:44:31 - mmengine - INFO - paramwise_options -- backbone.stage1.1.short_conv.bn.bias:weight_decay=0.0
2023/06/03 15:44:31 - mmengine - INFO - paramwise_options -- backbone.stage1.1.final_conv.bn.weight:weight_decay=0.0
2023/06/03 15:44:31 - mmengine - INFO - paramwise_options -- backbone.stage1.1.final_conv.bn.bias:weight_decay=0.0
2023/06/03 15:44:31 - mmengine - INFO - paramwise_options -- backbone.stage1.1.blocks.0.conv1.bn.weight:weight_decay=0.0
2023/06/03 15:44:31 - mmengine - INFO - paramwise_options -- backbone.stage1.1.blocks.0.conv1.bn.bias:weight_decay=0.0
2023/06/03 15:44:31 - mmengine - INFO - paramwise_options -- backbone.stage1.1.blocks.0.conv2.depthwise_conv.bn.weight:weight_decay=0.0
2023/06/03 15:44:31 - mmengine - INFO - paramwise_options -- backbone.stage1.1.blocks.0.conv2.depthwise_conv.bn.bias:weight_decay=0.0
2023/06/03 15:44:31 - mmengine - INFO - paramwise_options -- backbone.stage1.1.blocks.0.conv2.pointwise_conv.bn.weight:weight_decay=0.0
2023/06/03 15:44:31 - mmengine - INFO - paramwise_options -- backbone.stage1.1.blocks.0.conv2.pointwise_conv.bn.bias:weight_decay=0.0
2023/06/03 15:44:31 - mmengine - INFO - paramwise_options -- backbone.stage1.1.attention.fc.bias:weight_decay=0.0
2023/06/03 15:44:31 - mmengine - INFO - paramwise_options -- backbone.stage2.0.bn.weight:weight_decay=0.0
2023/06/03 15:44:31 - mmengine - INFO - paramwise_options -- backbone.stage2.0.bn.bias:weight_decay=0.0
2023/06/03 15:44:31 - mmengine - INFO - paramwise_options -- backbone.stage2.1.main_conv.bn.weight:weight_decay=0.0
2023/06/03 15:44:31 - mmengine - INFO - paramwise_options -- backbone.stage2.1.main_conv.bn.bias:weight_decay=0.0
2023/06/03 15:44:31 - mmengine - INFO - paramwise_options -- backbone.stage2.1.short_conv.bn.weight:weight_decay=0.0
2023/06/03 15:44:31 - mmengine - INFO - paramwise_options -- backbone.stage2.1.short_conv.bn.bias:weight_decay=0.0
2023/06/03 15:44:31 - mmengine - INFO - paramwise_options -- backbone.stage2.1.final_conv.bn.weight:weight_decay=0.0
2023/06/03 15:44:31 - mmengine - INFO - paramwise_options -- backbone.stage2.1.final_conv.bn.bias:weight_decay=0.0
2023/06/03 15:44:31 - mmengine - INFO - paramwise_options -- backbone.stage2.1.blocks.0.conv1.bn.weight:weight_decay=0.0
2023/06/03 15:44:31 - mmengine - INFO - paramwise_options -- backbone.stage2.1.blocks.0.conv1.bn.bias:weight_decay=0.0
2023/06/03 15:44:31 - mmengine - INFO - paramwise_options -- backbone.stage2.1.blocks.0.conv2.depthwise_conv.bn.weight:weight_decay=0.0
2023/06/03 15:44:31 - mmengine - INFO - paramwise_options -- backbone.stage2.1.blocks.0.conv2.depthwise_conv.bn.bias:weight_decay=0.0
2023/06/03 15:44:31 - mmengine - INFO - paramwise_options -- backbone.stage2.1.blocks.0.conv2.pointwise_conv.bn.weight:weight_decay=0.0
2023/06/03 15:44:31 - mmengine - INFO - paramwise_options -- backbone.stage2.1.blocks.0.conv2.pointwise_conv.bn.bias:weight_decay=0.0
2023/06/03 15:44:31 - mmengine - INFO - paramwise_options -- backbone.stage2.1.blocks.1.conv1.bn.weight:weight_decay=0.0
2023/06/03 15:44:31 - mmengine - INFO - paramwise_options -- backbone.stage2.1.blocks.1.conv1.bn.bias:weight_decay=0.0
2023/06/03 15:44:31 - mmengine - INFO - paramwise_options -- backbone.stage2.1.blocks.1.conv2.depthwise_conv.bn.weight:weight_decay=0.0
2023/06/03 15:44:31 - mmengine - INFO - paramwise_options -- backbone.stage2.1.blocks.1.conv2.depthwise_conv.bn.bias:weight_decay=0.0
2023/06/03 15:44:31 - mmengine - INFO - paramwise_options -- backbone.stage2.1.blocks.1.conv2.pointwise_conv.bn.weight:weight_decay=0.0
2023/06/03 15:44:31 - mmengine - INFO - paramwise_options -- backbone.stage2.1.blocks.1.conv2.pointwise_conv.bn.bias:weight_decay=0.0
2023/06/03 15:44:31 - mmengine - INFO - paramwise_options -- backbone.stage2.1.attention.fc.bias:weight_decay=0.0
2023/06/03 15:44:31 - mmengine - INFO - paramwise_options -- backbone.stage3.0.bn.weight:weight_decay=0.0
2023/06/03 15:44:31 - mmengine - INFO - paramwise_options -- backbone.stage3.0.bn.bias:weight_decay=0.0
2023/06/03 15:44:31 - mmengine - INFO - paramwise_options -- backbone.stage3.1.main_conv.bn.weight:weight_decay=0.0
2023/06/03 15:44:31 - mmengine - INFO - paramwise_options -- backbone.stage3.1.main_conv.bn.bias:weight_decay=0.0
2023/06/03 15:44:31 - mmengine - INFO - paramwise_options -- backbone.stage3.1.short_conv.bn.weight:weight_decay=0.0
2023/06/03 15:44:31 - mmengine - INFO - paramwise_options -- backbone.stage3.1.short_conv.bn.bias:weight_decay=0.0
2023/06/03 15:44:31 - mmengine - INFO - paramwise_options -- backbone.stage3.1.final_conv.bn.weight:weight_decay=0.0
2023/06/03 15:44:31 - mmengine - INFO - paramwise_options -- backbone.stage3.1.final_conv.bn.bias:weight_decay=0.0
2023/06/03 15:44:31 - mmengine - INFO - paramwise_options -- backbone.stage3.1.blocks.0.conv1.bn.weight:weight_decay=0.0
2023/06/03 15:44:31 - mmengine - INFO - paramwise_options -- backbone.stage3.1.blocks.0.conv1.bn.bias:weight_decay=0.0
2023/06/03 15:44:31 - mmengine - INFO - paramwise_options -- backbone.stage3.1.blocks.0.conv2.depthwise_conv.bn.weight:weight_decay=0.0
2023/06/03 15:44:31 - mmengine - INFO - paramwise_options -- backbone.stage3.1.blocks.0.conv2.depthwise_conv.bn.bias:weight_decay=0.0
2023/06/03 15:44:31 - mmengine - INFO - paramwise_options -- backbone.stage3.1.blocks.0.conv2.pointwise_conv.bn.weight:weight_decay=0.0
2023/06/03 15:44:31 - mmengine - INFO - paramwise_options -- backbone.stage3.1.blocks.0.conv2.pointwise_conv.bn.bias:weight_decay=0.0
2023/06/03 15:44:31 - mmengine - INFO - paramwise_options -- backbone.stage3.1.blocks.1.conv1.bn.weight:weight_decay=0.0
2023/06/03 15:44:31 - mmengine - INFO - paramwise_options -- backbone.stage3.1.blocks.1.conv1.bn.bias:weight_decay=0.0
2023/06/03 15:44:31 - mmengine - INFO - paramwise_options -- backbone.stage3.1.blocks.1.conv2.depthwise_conv.bn.weight:weight_decay=0.0
2023/06/03 15:44:31 - mmengine - INFO - paramwise_options -- backbone.stage3.1.blocks.1.conv2.depthwise_conv.bn.bias:weight_decay=0.0
2023/06/03 15:44:31 - mmengine - INFO - paramwise_options -- backbone.stage3.1.blocks.1.conv2.pointwise_conv.bn.weight:weight_decay=0.0
2023/06/03 15:44:31 - mmengine - INFO - paramwise_options -- backbone.stage3.1.blocks.1.conv2.pointwise_conv.bn.bias:weight_decay=0.0
2023/06/03 15:44:31 - mmengine - INFO - paramwise_options -- backbone.stage3.1.attention.fc.bias:weight_decay=0.0
2023/06/03 15:44:31 - mmengine - INFO - paramwise_options -- backbone.stage4.0.bn.weight:weight_decay=0.0
2023/06/03 15:44:31 - mmengine - INFO - paramwise_options -- backbone.stage4.0.bn.bias:weight_decay=0.0
2023/06/03 15:44:31 - mmengine - INFO - paramwise_options -- backbone.stage4.1.conv1.bn.weight:weight_decay=0.0
2023/06/03 15:44:31 - mmengine - INFO - paramwise_options -- backbone.stage4.1.conv1.bn.bias:weight_decay=0.0
2023/06/03 15:44:31 - mmengine - INFO - paramwise_options -- backbone.stage4.1.conv2.bn.weight:weight_decay=0.0
2023/06/03 15:44:31 - mmengine - INFO - paramwise_options -- backbone.stage4.1.conv2.bn.bias:weight_decay=0.0
2023/06/03 15:44:31 - mmengine - INFO - paramwise_options -- backbone.stage4.2.main_conv.bn.weight:weight_decay=0.0
2023/06/03 15:44:31 - mmengine - INFO - paramwise_options -- backbone.stage4.2.main_conv.bn.bias:weight_decay=0.0
2023/06/03 15:44:31 - mmengine - INFO - paramwise_options -- backbone.stage4.2.short_conv.bn.weight:weight_decay=0.0
2023/06/03 15:44:31 - mmengine - INFO - paramwise_options -- backbone.stage4.2.short_conv.bn.bias:weight_decay=0.0
2023/06/03 15:44:31 - mmengine - INFO - paramwise_options -- backbone.stage4.2.final_conv.bn.weight:weight_decay=0.0
2023/06/03 15:44:31 - mmengine - INFO - paramwise_options -- backbone.stage4.2.final_conv.bn.bias:weight_decay=0.0
2023/06/03 15:44:31 - mmengine - INFO - paramwise_options -- backbone.stage4.2.blocks.0.conv1.bn.weight:weight_decay=0.0
2023/06/03 15:44:31 - mmengine - INFO - paramwise_options -- backbone.stage4.2.blocks.0.conv1.bn.bias:weight_decay=0.0
2023/06/03 15:44:31 - mmengine - INFO - paramwise_options -- backbone.stage4.2.blocks.0.conv2.depthwise_conv.bn.weight:weight_decay=0.0
2023/06/03 15:44:31 - mmengine - INFO - paramwise_options -- backbone.stage4.2.blocks.0.conv2.depthwise_conv.bn.bias:weight_decay=0.0
2023/06/03 15:44:31 - mmengine - INFO - paramwise_options -- backbone.stage4.2.blocks.0.conv2.pointwise_conv.bn.weight:weight_decay=0.0
2023/06/03 15:44:31 - mmengine - INFO - paramwise_options -- backbone.stage4.2.blocks.0.conv2.pointwise_conv.bn.bias:weight_decay=0.0
2023/06/03 15:44:31 - mmengine - INFO - paramwise_options -- backbone.stage4.2.attention.fc.bias:weight_decay=0.0
2023/06/03 15:44:31 - mmengine - INFO - paramwise_options -- head.final_layer.bias:weight_decay=0.0
2023/06/03 15:44:31 - mmengine - WARNING - The prefix is not set in metric class PCKAccuracy.
2023/06/03 15:44:31 - mmengine - WARNING - The prefix is not set in metric class AUC.
2023/06/03 15:44:31 - mmengine - WARNING - The prefix is not set in metric class NME.
2023/06/03 15:44:37 - mmengine - INFO - load backbone. in model from: https://download.openmmlab.com/mmdetection/v3.0/rtmdet/cspnext_rsb_pretrain/cspnext-s_imagenet_600e-ea671761.pth
Name of parameter - Initialization information

backbone.stem.0.conv.weight - torch.Size([16, 3, 3, 3]): 
PretrainedInit: load from https://download.openmmlab.com/mmdetection/v3.0/rtmdet/cspnext_rsb_pretrain/cspnext-s_imagenet_600e-ea671761.pth 

backbone.stem.0.bn.weight - torch.Size([16]): 
PretrainedInit: load from https://download.openmmlab.com/mmdetection/v3.0/rtmdet/cspnext_rsb_pretrain/cspnext-s_imagenet_600e-ea671761.pth 

backbone.stem.0.bn.bias - torch.Size([16]): 
PretrainedInit: load from https://download.openmmlab.com/mmdetection/v3.0/rtmdet/cspnext_rsb_pretrain/cspnext-s_imagenet_600e-ea671761.pth 

backbone.stem.1.conv.weight - torch.Size([16, 16, 3, 3]): 
PretrainedInit: load from https://download.openmmlab.com/mmdetection/v3.0/rtmdet/cspnext_rsb_pretrain/cspnext-s_imagenet_600e-ea671761.pth 

backbone.stem.1.bn.weight - torch.Size([16]): 
PretrainedInit: load from https://download.openmmlab.com/mmdetection/v3.0/rtmdet/cspnext_rsb_pretrain/cspnext-s_imagenet_600e-ea671761.pth 

backbone.stem.1.bn.bias - torch.Size([16]): 
PretrainedInit: load from https://download.openmmlab.com/mmdetection/v3.0/rtmdet/cspnext_rsb_pretrain/cspnext-s_imagenet_600e-ea671761.pth 

backbone.stem.2.conv.weight - torch.Size([32, 16, 3, 3]): 
PretrainedInit: load from https://download.openmmlab.com/mmdetection/v3.0/rtmdet/cspnext_rsb_pretrain/cspnext-s_imagenet_600e-ea671761.pth 

backbone.stem.2.bn.weight - torch.Size([32]): 
PretrainedInit: load from https://download.openmmlab.com/mmdetection/v3.0/rtmdet/cspnext_rsb_pretrain/cspnext-s_imagenet_600e-ea671761.pth 

backbone.stem.2.bn.bias - torch.Size([32]): 
PretrainedInit: load from https://download.openmmlab.com/mmdetection/v3.0/rtmdet/cspnext_rsb_pretrain/cspnext-s_imagenet_600e-ea671761.pth 

backbone.stage1.0.conv.weight - torch.Size([64, 32, 3, 3]): 
PretrainedInit: load from https://download.openmmlab.com/mmdetection/v3.0/rtmdet/cspnext_rsb_pretrain/cspnext-s_imagenet_600e-ea671761.pth 

backbone.stage1.0.bn.weight - torch.Size([64]): 
PretrainedInit: load from https://download.openmmlab.com/mmdetection/v3.0/rtmdet/cspnext_rsb_pretrain/cspnext-s_imagenet_600e-ea671761.pth 

backbone.stage1.0.bn.bias - torch.Size([64]): 
PretrainedInit: load from https://download.openmmlab.com/mmdetection/v3.0/rtmdet/cspnext_rsb_pretrain/cspnext-s_imagenet_600e-ea671761.pth 

backbone.stage1.1.main_conv.conv.weight - torch.Size([32, 64, 1, 1]): 
PretrainedInit: load from https://download.openmmlab.com/mmdetection/v3.0/rtmdet/cspnext_rsb_pretrain/cspnext-s_imagenet_600e-ea671761.pth 

backbone.stage1.1.main_conv.bn.weight - torch.Size([32]): 
PretrainedInit: load from https://download.openmmlab.com/mmdetection/v3.0/rtmdet/cspnext_rsb_pretrain/cspnext-s_imagenet_600e-ea671761.pth 

backbone.stage1.1.main_conv.bn.bias - torch.Size([32]): 
PretrainedInit: load from https://download.openmmlab.com/mmdetection/v3.0/rtmdet/cspnext_rsb_pretrain/cspnext-s_imagenet_600e-ea671761.pth 

backbone.stage1.1.short_conv.conv.weight - torch.Size([32, 64, 1, 1]): 
PretrainedInit: load from https://download.openmmlab.com/mmdetection/v3.0/rtmdet/cspnext_rsb_pretrain/cspnext-s_imagenet_600e-ea671761.pth 

backbone.stage1.1.short_conv.bn.weight - torch.Size([32]): 
PretrainedInit: load from https://download.openmmlab.com/mmdetection/v3.0/rtmdet/cspnext_rsb_pretrain/cspnext-s_imagenet_600e-ea671761.pth 

backbone.stage1.1.short_conv.bn.bias - torch.Size([32]): 
PretrainedInit: load from https://download.openmmlab.com/mmdetection/v3.0/rtmdet/cspnext_rsb_pretrain/cspnext-s_imagenet_600e-ea671761.pth 

backbone.stage1.1.final_conv.conv.weight - torch.Size([64, 64, 1, 1]): 
PretrainedInit: load from https://download.openmmlab.com/mmdetection/v3.0/rtmdet/cspnext_rsb_pretrain/cspnext-s_imagenet_600e-ea671761.pth 

backbone.stage1.1.final_conv.bn.weight - torch.Size([64]): 
PretrainedInit: load from https://download.openmmlab.com/mmdetection/v3.0/rtmdet/cspnext_rsb_pretrain/cspnext-s_imagenet_600e-ea671761.pth 

backbone.stage1.1.final_conv.bn.bias - torch.Size([64]): 
PretrainedInit: load from https://download.openmmlab.com/mmdetection/v3.0/rtmdet/cspnext_rsb_pretrain/cspnext-s_imagenet_600e-ea671761.pth 

backbone.stage1.1.blocks.0.conv1.conv.weight - torch.Size([32, 32, 3, 3]): 
PretrainedInit: load from https://download.openmmlab.com/mmdetection/v3.0/rtmdet/cspnext_rsb_pretrain/cspnext-s_imagenet_600e-ea671761.pth 

backbone.stage1.1.blocks.0.conv1.bn.weight - torch.Size([32]): 
PretrainedInit: load from https://download.openmmlab.com/mmdetection/v3.0/rtmdet/cspnext_rsb_pretrain/cspnext-s_imagenet_600e-ea671761.pth 

backbone.stage1.1.blocks.0.conv1.bn.bias - torch.Size([32]): 
PretrainedInit: load from https://download.openmmlab.com/mmdetection/v3.0/rtmdet/cspnext_rsb_pretrain/cspnext-s_imagenet_600e-ea671761.pth 

backbone.stage1.1.blocks.0.conv2.depthwise_conv.conv.weight - torch.Size([32, 1, 5, 5]): 
PretrainedInit: load from https://download.openmmlab.com/mmdetection/v3.0/rtmdet/cspnext_rsb_pretrain/cspnext-s_imagenet_600e-ea671761.pth 

backbone.stage1.1.blocks.0.conv2.depthwise_conv.bn.weight - torch.Size([32]): 
PretrainedInit: load from https://download.openmmlab.com/mmdetection/v3.0/rtmdet/cspnext_rsb_pretrain/cspnext-s_imagenet_600e-ea671761.pth 

backbone.stage1.1.blocks.0.conv2.depthwise_conv.bn.bias - torch.Size([32]): 
PretrainedInit: load from https://download.openmmlab.com/mmdetection/v3.0/rtmdet/cspnext_rsb_pretrain/cspnext-s_imagenet_600e-ea671761.pth 

backbone.stage1.1.blocks.0.conv2.pointwise_conv.conv.weight - torch.Size([32, 32, 1, 1]): 
PretrainedInit: load from https://download.openmmlab.com/mmdetection/v3.0/rtmdet/cspnext_rsb_pretrain/cspnext-s_imagenet_600e-ea671761.pth 

backbone.stage1.1.blocks.0.conv2.pointwise_conv.bn.weight - torch.Size([32]): 
PretrainedInit: load from https://download.openmmlab.com/mmdetection/v3.0/rtmdet/cspnext_rsb_pretrain/cspnext-s_imagenet_600e-ea671761.pth 

backbone.stage1.1.blocks.0.conv2.pointwise_conv.bn.bias - torch.Size([32]): 
PretrainedInit: load from https://download.openmmlab.com/mmdetection/v3.0/rtmdet/cspnext_rsb_pretrain/cspnext-s_imagenet_600e-ea671761.pth 

backbone.stage1.1.attention.fc.weight - torch.Size([64, 64, 1, 1]): 
PretrainedInit: load from https://download.openmmlab.com/mmdetection/v3.0/rtmdet/cspnext_rsb_pretrain/cspnext-s_imagenet_600e-ea671761.pth 

backbone.stage1.1.attention.fc.bias - torch.Size([64]): 
PretrainedInit: load from https://download.openmmlab.com/mmdetection/v3.0/rtmdet/cspnext_rsb_pretrain/cspnext-s_imagenet_600e-ea671761.pth 

backbone.stage2.0.conv.weight - torch.Size([128, 64, 3, 3]): 
PretrainedInit: load from https://download.openmmlab.com/mmdetection/v3.0/rtmdet/cspnext_rsb_pretrain/cspnext-s_imagenet_600e-ea671761.pth 

backbone.stage2.0.bn.weight - torch.Size([128]): 
PretrainedInit: load from https://download.openmmlab.com/mmdetection/v3.0/rtmdet/cspnext_rsb_pretrain/cspnext-s_imagenet_600e-ea671761.pth 

backbone.stage2.0.bn.bias - torch.Size([128]): 
PretrainedInit: load from https://download.openmmlab.com/mmdetection/v3.0/rtmdet/cspnext_rsb_pretrain/cspnext-s_imagenet_600e-ea671761.pth 

backbone.stage2.1.main_conv.conv.weight - torch.Size([64, 128, 1, 1]): 
PretrainedInit: load from https://download.openmmlab.com/mmdetection/v3.0/rtmdet/cspnext_rsb_pretrain/cspnext-s_imagenet_600e-ea671761.pth 

backbone.stage2.1.main_conv.bn.weight - torch.Size([64]): 
PretrainedInit: load from https://download.openmmlab.com/mmdetection/v3.0/rtmdet/cspnext_rsb_pretrain/cspnext-s_imagenet_600e-ea671761.pth 

backbone.stage2.1.main_conv.bn.bias - torch.Size([64]): 
PretrainedInit: load from https://download.openmmlab.com/mmdetection/v3.0/rtmdet/cspnext_rsb_pretrain/cspnext-s_imagenet_600e-ea671761.pth 

backbone.stage2.1.short_conv.conv.weight - torch.Size([64, 128, 1, 1]): 
PretrainedInit: load from https://download.openmmlab.com/mmdetection/v3.0/rtmdet/cspnext_rsb_pretrain/cspnext-s_imagenet_600e-ea671761.pth 

backbone.stage2.1.short_conv.bn.weight - torch.Size([64]): 
PretrainedInit: load from https://download.openmmlab.com/mmdetection/v3.0/rtmdet/cspnext_rsb_pretrain/cspnext-s_imagenet_600e-ea671761.pth 

backbone.stage2.1.short_conv.bn.bias - torch.Size([64]): 
PretrainedInit: load from https://download.openmmlab.com/mmdetection/v3.0/rtmdet/cspnext_rsb_pretrain/cspnext-s_imagenet_600e-ea671761.pth 

backbone.stage2.1.final_conv.conv.weight - torch.Size([128, 128, 1, 1]): 
PretrainedInit: load from https://download.openmmlab.com/mmdetection/v3.0/rtmdet/cspnext_rsb_pretrain/cspnext-s_imagenet_600e-ea671761.pth 

backbone.stage2.1.final_conv.bn.weight - torch.Size([128]): 
PretrainedInit: load from https://download.openmmlab.com/mmdetection/v3.0/rtmdet/cspnext_rsb_pretrain/cspnext-s_imagenet_600e-ea671761.pth 

backbone.stage2.1.final_conv.bn.bias - torch.Size([128]): 
PretrainedInit: load from https://download.openmmlab.com/mmdetection/v3.0/rtmdet/cspnext_rsb_pretrain/cspnext-s_imagenet_600e-ea671761.pth 

backbone.stage2.1.blocks.0.conv1.conv.weight - torch.Size([64, 64, 3, 3]): 
PretrainedInit: load from https://download.openmmlab.com/mmdetection/v3.0/rtmdet/cspnext_rsb_pretrain/cspnext-s_imagenet_600e-ea671761.pth 

backbone.stage2.1.blocks.0.conv1.bn.weight - torch.Size([64]): 
PretrainedInit: load from https://download.openmmlab.com/mmdetection/v3.0/rtmdet/cspnext_rsb_pretrain/cspnext-s_imagenet_600e-ea671761.pth 

backbone.stage2.1.blocks.0.conv1.bn.bias - torch.Size([64]): 
PretrainedInit: load from https://download.openmmlab.com/mmdetection/v3.0/rtmdet/cspnext_rsb_pretrain/cspnext-s_imagenet_600e-ea671761.pth 

backbone.stage2.1.blocks.0.conv2.depthwise_conv.conv.weight - torch.Size([64, 1, 5, 5]): 
PretrainedInit: load from https://download.openmmlab.com/mmdetection/v3.0/rtmdet/cspnext_rsb_pretrain/cspnext-s_imagenet_600e-ea671761.pth 

backbone.stage2.1.blocks.0.conv2.depthwise_conv.bn.weight - torch.Size([64]): 
PretrainedInit: load from https://download.openmmlab.com/mmdetection/v3.0/rtmdet/cspnext_rsb_pretrain/cspnext-s_imagenet_600e-ea671761.pth 

backbone.stage2.1.blocks.0.conv2.depthwise_conv.bn.bias - torch.Size([64]): 
PretrainedInit: load from https://download.openmmlab.com/mmdetection/v3.0/rtmdet/cspnext_rsb_pretrain/cspnext-s_imagenet_600e-ea671761.pth 

backbone.stage2.1.blocks.0.conv2.pointwise_conv.conv.weight - torch.Size([64, 64, 1, 1]): 
PretrainedInit: load from https://download.openmmlab.com/mmdetection/v3.0/rtmdet/cspnext_rsb_pretrain/cspnext-s_imagenet_600e-ea671761.pth 

backbone.stage2.1.blocks.0.conv2.pointwise_conv.bn.weight - torch.Size([64]): 
PretrainedInit: load from https://download.openmmlab.com/mmdetection/v3.0/rtmdet/cspnext_rsb_pretrain/cspnext-s_imagenet_600e-ea671761.pth 

backbone.stage2.1.blocks.0.conv2.pointwise_conv.bn.bias - torch.Size([64]): 
PretrainedInit: load from https://download.openmmlab.com/mmdetection/v3.0/rtmdet/cspnext_rsb_pretrain/cspnext-s_imagenet_600e-ea671761.pth 

backbone.stage2.1.blocks.1.conv1.conv.weight - torch.Size([64, 64, 3, 3]): 
PretrainedInit: load from https://download.openmmlab.com/mmdetection/v3.0/rtmdet/cspnext_rsb_pretrain/cspnext-s_imagenet_600e-ea671761.pth 

backbone.stage2.1.blocks.1.conv1.bn.weight - torch.Size([64]): 
PretrainedInit: load from https://download.openmmlab.com/mmdetection/v3.0/rtmdet/cspnext_rsb_pretrain/cspnext-s_imagenet_600e-ea671761.pth 

backbone.stage2.1.blocks.1.conv1.bn.bias - torch.Size([64]): 
PretrainedInit: load from https://download.openmmlab.com/mmdetection/v3.0/rtmdet/cspnext_rsb_pretrain/cspnext-s_imagenet_600e-ea671761.pth 

backbone.stage2.1.blocks.1.conv2.depthwise_conv.conv.weight - torch.Size([64, 1, 5, 5]): 
PretrainedInit: load from https://download.openmmlab.com/mmdetection/v3.0/rtmdet/cspnext_rsb_pretrain/cspnext-s_imagenet_600e-ea671761.pth 

backbone.stage2.1.blocks.1.conv2.depthwise_conv.bn.weight - torch.Size([64]): 
PretrainedInit: load from https://download.openmmlab.com/mmdetection/v3.0/rtmdet/cspnext_rsb_pretrain/cspnext-s_imagenet_600e-ea671761.pth 

backbone.stage2.1.blocks.1.conv2.depthwise_conv.bn.bias - torch.Size([64]): 
PretrainedInit: load from https://download.openmmlab.com/mmdetection/v3.0/rtmdet/cspnext_rsb_pretrain/cspnext-s_imagenet_600e-ea671761.pth 

backbone.stage2.1.blocks.1.conv2.pointwise_conv.conv.weight - torch.Size([64, 64, 1, 1]): 
PretrainedInit: load from https://download.openmmlab.com/mmdetection/v3.0/rtmdet/cspnext_rsb_pretrain/cspnext-s_imagenet_600e-ea671761.pth 

backbone.stage2.1.blocks.1.conv2.pointwise_conv.bn.weight - torch.Size([64]): 
PretrainedInit: load from https://download.openmmlab.com/mmdetection/v3.0/rtmdet/cspnext_rsb_pretrain/cspnext-s_imagenet_600e-ea671761.pth 

backbone.stage2.1.blocks.1.conv2.pointwise_conv.bn.bias - torch.Size([64]): 
PretrainedInit: load from https://download.openmmlab.com/mmdetection/v3.0/rtmdet/cspnext_rsb_pretrain/cspnext-s_imagenet_600e-ea671761.pth 

backbone.stage2.1.attention.fc.weight - torch.Size([128, 128, 1, 1]): 
PretrainedInit: load from https://download.openmmlab.com/mmdetection/v3.0/rtmdet/cspnext_rsb_pretrain/cspnext-s_imagenet_600e-ea671761.pth 

backbone.stage2.1.attention.fc.bias - torch.Size([128]): 
PretrainedInit: load from https://download.openmmlab.com/mmdetection/v3.0/rtmdet/cspnext_rsb_pretrain/cspnext-s_imagenet_600e-ea671761.pth 

backbone.stage3.0.conv.weight - torch.Size([256, 128, 3, 3]): 
PretrainedInit: load from https://download.openmmlab.com/mmdetection/v3.0/rtmdet/cspnext_rsb_pretrain/cspnext-s_imagenet_600e-ea671761.pth 

backbone.stage3.0.bn.weight - torch.Size([256]): 
PretrainedInit: load from https://download.openmmlab.com/mmdetection/v3.0/rtmdet/cspnext_rsb_pretrain/cspnext-s_imagenet_600e-ea671761.pth 

backbone.stage3.0.bn.bias - torch.Size([256]): 
PretrainedInit: load from https://download.openmmlab.com/mmdetection/v3.0/rtmdet/cspnext_rsb_pretrain/cspnext-s_imagenet_600e-ea671761.pth 

backbone.stage3.1.main_conv.conv.weight - torch.Size([128, 256, 1, 1]): 
PretrainedInit: load from https://download.openmmlab.com/mmdetection/v3.0/rtmdet/cspnext_rsb_pretrain/cspnext-s_imagenet_600e-ea671761.pth 

backbone.stage3.1.main_conv.bn.weight - torch.Size([128]): 
PretrainedInit: load from https://download.openmmlab.com/mmdetection/v3.0/rtmdet/cspnext_rsb_pretrain/cspnext-s_imagenet_600e-ea671761.pth 

backbone.stage3.1.main_conv.bn.bias - torch.Size([128]): 
PretrainedInit: load from https://download.openmmlab.com/mmdetection/v3.0/rtmdet/cspnext_rsb_pretrain/cspnext-s_imagenet_600e-ea671761.pth 

backbone.stage3.1.short_conv.conv.weight - torch.Size([128, 256, 1, 1]): 
PretrainedInit: load from https://download.openmmlab.com/mmdetection/v3.0/rtmdet/cspnext_rsb_pretrain/cspnext-s_imagenet_600e-ea671761.pth 

backbone.stage3.1.short_conv.bn.weight - torch.Size([128]): 
PretrainedInit: load from https://download.openmmlab.com/mmdetection/v3.0/rtmdet/cspnext_rsb_pretrain/cspnext-s_imagenet_600e-ea671761.pth 

backbone.stage3.1.short_conv.bn.bias - torch.Size([128]): 
PretrainedInit: load from https://download.openmmlab.com/mmdetection/v3.0/rtmdet/cspnext_rsb_pretrain/cspnext-s_imagenet_600e-ea671761.pth 

backbone.stage3.1.final_conv.conv.weight - torch.Size([256, 256, 1, 1]): 
PretrainedInit: load from https://download.openmmlab.com/mmdetection/v3.0/rtmdet/cspnext_rsb_pretrain/cspnext-s_imagenet_600e-ea671761.pth 

backbone.stage3.1.final_conv.bn.weight - torch.Size([256]): 
PretrainedInit: load from https://download.openmmlab.com/mmdetection/v3.0/rtmdet/cspnext_rsb_pretrain/cspnext-s_imagenet_600e-ea671761.pth 

backbone.stage3.1.final_conv.bn.bias - torch.Size([256]): 
PretrainedInit: load from https://download.openmmlab.com/mmdetection/v3.0/rtmdet/cspnext_rsb_pretrain/cspnext-s_imagenet_600e-ea671761.pth 

backbone.stage3.1.blocks.0.conv1.conv.weight - torch.Size([128, 128, 3, 3]): 
PretrainedInit: load from https://download.openmmlab.com/mmdetection/v3.0/rtmdet/cspnext_rsb_pretrain/cspnext-s_imagenet_600e-ea671761.pth 

backbone.stage3.1.blocks.0.conv1.bn.weight - torch.Size([128]): 
PretrainedInit: load from https://download.openmmlab.com/mmdetection/v3.0/rtmdet/cspnext_rsb_pretrain/cspnext-s_imagenet_600e-ea671761.pth 

backbone.stage3.1.blocks.0.conv1.bn.bias - torch.Size([128]): 
PretrainedInit: load from https://download.openmmlab.com/mmdetection/v3.0/rtmdet/cspnext_rsb_pretrain/cspnext-s_imagenet_600e-ea671761.pth 

backbone.stage3.1.blocks.0.conv2.depthwise_conv.conv.weight - torch.Size([128, 1, 5, 5]): 
PretrainedInit: load from https://download.openmmlab.com/mmdetection/v3.0/rtmdet/cspnext_rsb_pretrain/cspnext-s_imagenet_600e-ea671761.pth 

backbone.stage3.1.blocks.0.conv2.depthwise_conv.bn.weight - torch.Size([128]): 
PretrainedInit: load from https://download.openmmlab.com/mmdetection/v3.0/rtmdet/cspnext_rsb_pretrain/cspnext-s_imagenet_600e-ea671761.pth 

backbone.stage3.1.blocks.0.conv2.depthwise_conv.bn.bias - torch.Size([128]): 
PretrainedInit: load from https://download.openmmlab.com/mmdetection/v3.0/rtmdet/cspnext_rsb_pretrain/cspnext-s_imagenet_600e-ea671761.pth 

backbone.stage3.1.blocks.0.conv2.pointwise_conv.conv.weight - torch.Size([128, 128, 1, 1]): 
PretrainedInit: load from https://download.openmmlab.com/mmdetection/v3.0/rtmdet/cspnext_rsb_pretrain/cspnext-s_imagenet_600e-ea671761.pth 

backbone.stage3.1.blocks.0.conv2.pointwise_conv.bn.weight - torch.Size([128]): 
PretrainedInit: load from https://download.openmmlab.com/mmdetection/v3.0/rtmdet/cspnext_rsb_pretrain/cspnext-s_imagenet_600e-ea671761.pth 

backbone.stage3.1.blocks.0.conv2.pointwise_conv.bn.bias - torch.Size([128]): 
PretrainedInit: load from https://download.openmmlab.com/mmdetection/v3.0/rtmdet/cspnext_rsb_pretrain/cspnext-s_imagenet_600e-ea671761.pth 

backbone.stage3.1.blocks.1.conv1.conv.weight - torch.Size([128, 128, 3, 3]): 
PretrainedInit: load from https://download.openmmlab.com/mmdetection/v3.0/rtmdet/cspnext_rsb_pretrain/cspnext-s_imagenet_600e-ea671761.pth 

backbone.stage3.1.blocks.1.conv1.bn.weight - torch.Size([128]): 
PretrainedInit: load from https://download.openmmlab.com/mmdetection/v3.0/rtmdet/cspnext_rsb_pretrain/cspnext-s_imagenet_600e-ea671761.pth 

backbone.stage3.1.blocks.1.conv1.bn.bias - torch.Size([128]): 
PretrainedInit: load from https://download.openmmlab.com/mmdetection/v3.0/rtmdet/cspnext_rsb_pretrain/cspnext-s_imagenet_600e-ea671761.pth 

backbone.stage3.1.blocks.1.conv2.depthwise_conv.conv.weight - torch.Size([128, 1, 5, 5]): 
PretrainedInit: load from https://download.openmmlab.com/mmdetection/v3.0/rtmdet/cspnext_rsb_pretrain/cspnext-s_imagenet_600e-ea671761.pth 

backbone.stage3.1.blocks.1.conv2.depthwise_conv.bn.weight - torch.Size([128]): 
PretrainedInit: load from https://download.openmmlab.com/mmdetection/v3.0/rtmdet/cspnext_rsb_pretrain/cspnext-s_imagenet_600e-ea671761.pth 

backbone.stage3.1.blocks.1.conv2.depthwise_conv.bn.bias - torch.Size([128]): 
PretrainedInit: load from https://download.openmmlab.com/mmdetection/v3.0/rtmdet/cspnext_rsb_pretrain/cspnext-s_imagenet_600e-ea671761.pth 

backbone.stage3.1.blocks.1.conv2.pointwise_conv.conv.weight - torch.Size([128, 128, 1, 1]): 
PretrainedInit: load from https://download.openmmlab.com/mmdetection/v3.0/rtmdet/cspnext_rsb_pretrain/cspnext-s_imagenet_600e-ea671761.pth 

backbone.stage3.1.blocks.1.conv2.pointwise_conv.bn.weight - torch.Size([128]): 
PretrainedInit: load from https://download.openmmlab.com/mmdetection/v3.0/rtmdet/cspnext_rsb_pretrain/cspnext-s_imagenet_600e-ea671761.pth 

backbone.stage3.1.blocks.1.conv2.pointwise_conv.bn.bias - torch.Size([128]): 
PretrainedInit: load from https://download.openmmlab.com/mmdetection/v3.0/rtmdet/cspnext_rsb_pretrain/cspnext-s_imagenet_600e-ea671761.pth 

backbone.stage3.1.attention.fc.weight - torch.Size([256, 256, 1, 1]): 
PretrainedInit: load from https://download.openmmlab.com/mmdetection/v3.0/rtmdet/cspnext_rsb_pretrain/cspnext-s_imagenet_600e-ea671761.pth 

backbone.stage3.1.attention.fc.bias - torch.Size([256]): 
PretrainedInit: load from https://download.openmmlab.com/mmdetection/v3.0/rtmdet/cspnext_rsb_pretrain/cspnext-s_imagenet_600e-ea671761.pth 

backbone.stage4.0.conv.weight - torch.Size([512, 256, 3, 3]): 
PretrainedInit: load from https://download.openmmlab.com/mmdetection/v3.0/rtmdet/cspnext_rsb_pretrain/cspnext-s_imagenet_600e-ea671761.pth 

backbone.stage4.0.bn.weight - torch.Size([512]): 
PretrainedInit: load from https://download.openmmlab.com/mmdetection/v3.0/rtmdet/cspnext_rsb_pretrain/cspnext-s_imagenet_600e-ea671761.pth 

backbone.stage4.0.bn.bias - torch.Size([512]): 
PretrainedInit: load from https://download.openmmlab.com/mmdetection/v3.0/rtmdet/cspnext_rsb_pretrain/cspnext-s_imagenet_600e-ea671761.pth 

backbone.stage4.1.conv1.conv.weight - torch.Size([256, 512, 1, 1]): 
PretrainedInit: load from https://download.openmmlab.com/mmdetection/v3.0/rtmdet/cspnext_rsb_pretrain/cspnext-s_imagenet_600e-ea671761.pth 

backbone.stage4.1.conv1.bn.weight - torch.Size([256]): 
PretrainedInit: load from https://download.openmmlab.com/mmdetection/v3.0/rtmdet/cspnext_rsb_pretrain/cspnext-s_imagenet_600e-ea671761.pth 

backbone.stage4.1.conv1.bn.bias - torch.Size([256]): 
PretrainedInit: load from https://download.openmmlab.com/mmdetection/v3.0/rtmdet/cspnext_rsb_pretrain/cspnext-s_imagenet_600e-ea671761.pth 

backbone.stage4.1.conv2.conv.weight - torch.Size([512, 1024, 1, 1]): 
PretrainedInit: load from https://download.openmmlab.com/mmdetection/v3.0/rtmdet/cspnext_rsb_pretrain/cspnext-s_imagenet_600e-ea671761.pth 

backbone.stage4.1.conv2.bn.weight - torch.Size([512]): 
PretrainedInit: load from https://download.openmmlab.com/mmdetection/v3.0/rtmdet/cspnext_rsb_pretrain/cspnext-s_imagenet_600e-ea671761.pth 

backbone.stage4.1.conv2.bn.bias - torch.Size([512]): 
PretrainedInit: load from https://download.openmmlab.com/mmdetection/v3.0/rtmdet/cspnext_rsb_pretrain/cspnext-s_imagenet_600e-ea671761.pth 

backbone.stage4.2.main_conv.conv.weight - torch.Size([256, 512, 1, 1]): 
PretrainedInit: load from https://download.openmmlab.com/mmdetection/v3.0/rtmdet/cspnext_rsb_pretrain/cspnext-s_imagenet_600e-ea671761.pth 

backbone.stage4.2.main_conv.bn.weight - torch.Size([256]): 
PretrainedInit: load from https://download.openmmlab.com/mmdetection/v3.0/rtmdet/cspnext_rsb_pretrain/cspnext-s_imagenet_600e-ea671761.pth 

backbone.stage4.2.main_conv.bn.bias - torch.Size([256]): 
PretrainedInit: load from https://download.openmmlab.com/mmdetection/v3.0/rtmdet/cspnext_rsb_pretrain/cspnext-s_imagenet_600e-ea671761.pth 

backbone.stage4.2.short_conv.conv.weight - torch.Size([256, 512, 1, 1]): 
PretrainedInit: load from https://download.openmmlab.com/mmdetection/v3.0/rtmdet/cspnext_rsb_pretrain/cspnext-s_imagenet_600e-ea671761.pth 

backbone.stage4.2.short_conv.bn.weight - torch.Size([256]): 
PretrainedInit: load from https://download.openmmlab.com/mmdetection/v3.0/rtmdet/cspnext_rsb_pretrain/cspnext-s_imagenet_600e-ea671761.pth 

backbone.stage4.2.short_conv.bn.bias - torch.Size([256]): 
PretrainedInit: load from https://download.openmmlab.com/mmdetection/v3.0/rtmdet/cspnext_rsb_pretrain/cspnext-s_imagenet_600e-ea671761.pth 

backbone.stage4.2.final_conv.conv.weight - torch.Size([512, 512, 1, 1]): 
PretrainedInit: load from https://download.openmmlab.com/mmdetection/v3.0/rtmdet/cspnext_rsb_pretrain/cspnext-s_imagenet_600e-ea671761.pth 

backbone.stage4.2.final_conv.bn.weight - torch.Size([512]): 
PretrainedInit: load from https://download.openmmlab.com/mmdetection/v3.0/rtmdet/cspnext_rsb_pretrain/cspnext-s_imagenet_600e-ea671761.pth 

backbone.stage4.2.final_conv.bn.bias - torch.Size([512]): 
PretrainedInit: load from https://download.openmmlab.com/mmdetection/v3.0/rtmdet/cspnext_rsb_pretrain/cspnext-s_imagenet_600e-ea671761.pth 

backbone.stage4.2.blocks.0.conv1.conv.weight - torch.Size([256, 256, 3, 3]): 
PretrainedInit: load from https://download.openmmlab.com/mmdetection/v3.0/rtmdet/cspnext_rsb_pretrain/cspnext-s_imagenet_600e-ea671761.pth 

backbone.stage4.2.blocks.0.conv1.bn.weight - torch.Size([256]): 
PretrainedInit: load from https://download.openmmlab.com/mmdetection/v3.0/rtmdet/cspnext_rsb_pretrain/cspnext-s_imagenet_600e-ea671761.pth 

backbone.stage4.2.blocks.0.conv1.bn.bias - torch.Size([256]): 
PretrainedInit: load from https://download.openmmlab.com/mmdetection/v3.0/rtmdet/cspnext_rsb_pretrain/cspnext-s_imagenet_600e-ea671761.pth 

backbone.stage4.2.blocks.0.conv2.depthwise_conv.conv.weight - torch.Size([256, 1, 5, 5]): 
PretrainedInit: load from https://download.openmmlab.com/mmdetection/v3.0/rtmdet/cspnext_rsb_pretrain/cspnext-s_imagenet_600e-ea671761.pth 

backbone.stage4.2.blocks.0.conv2.depthwise_conv.bn.weight - torch.Size([256]): 
PretrainedInit: load from https://download.openmmlab.com/mmdetection/v3.0/rtmdet/cspnext_rsb_pretrain/cspnext-s_imagenet_600e-ea671761.pth 

backbone.stage4.2.blocks.0.conv2.depthwise_conv.bn.bias - torch.Size([256]): 
PretrainedInit: load from https://download.openmmlab.com/mmdetection/v3.0/rtmdet/cspnext_rsb_pretrain/cspnext-s_imagenet_600e-ea671761.pth 

backbone.stage4.2.blocks.0.conv2.pointwise_conv.conv.weight - torch.Size([256, 256, 1, 1]): 
PretrainedInit: load from https://download.openmmlab.com/mmdetection/v3.0/rtmdet/cspnext_rsb_pretrain/cspnext-s_imagenet_600e-ea671761.pth 

backbone.stage4.2.blocks.0.conv2.pointwise_conv.bn.weight - torch.Size([256]): 
PretrainedInit: load from https://download.openmmlab.com/mmdetection/v3.0/rtmdet/cspnext_rsb_pretrain/cspnext-s_imagenet_600e-ea671761.pth 

backbone.stage4.2.blocks.0.conv2.pointwise_conv.bn.bias - torch.Size([256]): 
PretrainedInit: load from https://download.openmmlab.com/mmdetection/v3.0/rtmdet/cspnext_rsb_pretrain/cspnext-s_imagenet_600e-ea671761.pth 

backbone.stage4.2.attention.fc.weight - torch.Size([512, 512, 1, 1]): 
PretrainedInit: load from https://download.openmmlab.com/mmdetection/v3.0/rtmdet/cspnext_rsb_pretrain/cspnext-s_imagenet_600e-ea671761.pth 

backbone.stage4.2.attention.fc.bias - torch.Size([512]): 
PretrainedInit: load from https://download.openmmlab.com/mmdetection/v3.0/rtmdet/cspnext_rsb_pretrain/cspnext-s_imagenet_600e-ea671761.pth 

head.final_layer.weight - torch.Size([21, 512, 7, 7]): 
NormalInit: mean=0, std=0.001, bias=0 

head.final_layer.bias - torch.Size([21]): 
NormalInit: mean=0, std=0.001, bias=0 

head.mlp.0.g - torch.Size([1]): 
The value is the same before and after calling `init_weights` of TopdownPoseEstimator  

head.mlp.1.weight - torch.Size([256, 64]): 
NormalInit: mean=0, std=0.01, bias=0 

head.gau.gamma - torch.Size([2, 128]): 
The value is the same before and after calling `init_weights` of TopdownPoseEstimator  

head.gau.beta - torch.Size([2, 128]): 
The value is the same before and after calling `init_weights` of TopdownPoseEstimator  

head.gau.o.weight - torch.Size([256, 512]): 
NormalInit: mean=0, std=0.01, bias=0 

head.gau.uv.weight - torch.Size([1152, 256]): 
NormalInit: mean=0, std=0.01, bias=0 

head.gau.ln.g - torch.Size([1]): 
The value is the same before and after calling `init_weights` of TopdownPoseEstimator  

head.gau.res_scale.scale - torch.Size([256]): 
The value is the same before and after calling `init_weights` of TopdownPoseEstimator  

head.cls_x.weight - torch.Size([512, 256]): 
NormalInit: mean=0, std=0.01, bias=0 

head.cls_y.weight - torch.Size([512, 256]): 
NormalInit: mean=0, std=0.01, bias=0 
2023/06/03 15:44:38 - mmengine - WARNING - "FileClient" will be deprecated in future. Please use io functions in https://mmengine.readthedocs.io/en/latest/api/fileio.html#file-io
2023/06/03 15:44:38 - mmengine - WARNING - "HardDiskBackend" is the alias of "LocalBackend" and the former will be deprecated in future.
2023/06/03 15:44:38 - mmengine - INFO - Checkpoints will be saved to /mnt/openmmlab-Camp/01-mmpose-task/mmpose/work_dirs/rtmpose-s-ear.
2023/06/03 15:44:54 - mmengine - INFO - Epoch(train)   [1][1/6]  lr: 4.000000e-08  eta: 8:09:39  time: 16.330954  data_time: 12.585066  memory: 1496  loss: 0.421869  loss_kpt: 0.421869  acc_pose: 0.002976
2023/06/03 15:45:02 - mmengine - INFO - Epoch(train)   [1][2/6]  lr: 2.105642e-04  eta: 6:01:58  time: 12.079152  data_time: 10.097814  memory: 1563  loss: 0.422277  loss_kpt: 0.422277  acc_pose: 0.007440
2023/06/03 15:45:14 - mmengine - INFO - Epoch(train)   [1][3/6]  lr: 4.210884e-04  eta: 6:00:49  time: 12.047362  data_time: 10.660548  memory: 1563  loss: 0.422208  loss_kpt: 0.422208  acc_pose: 0.019345
2023/06/03 15:45:26 - mmengine - INFO - Epoch(train)   [1][4/6]  lr: 6.316126e-04  eta: 5:57:47  time: 11.953000  data_time: 10.862866  memory: 1563  loss: 0.421457  loss_kpt: 0.421457  acc_pose: 0.031250
